{
  service: 'my-koa-app',
  method: 'POST',
  url: '/api/public/login',
  ip: '::1',
  error: SyntaxError: Expected double-quoted property name in JSON at position 19 (line 3 column 1)
      at JSON.parse (<anonymous>)
      at exports.parse (/home/allan/Documents/projects/InternTaskV/node_modules/@hapi/bourne/lib/index.js:19:22)
      at parse (/home/allan/Documents/projects/InternTaskV/node_modules/co-body/lib/json.js:59:19)
      at module.exports [as json] (/home/allan/Documents/projects/InternTaskV/node_modules/co-body/lib/json.js:43:20)
      at process.processTicksAndRejections (node:internal/process/task_queues:105:5)
      at async parseBody (/home/allan/Documents/projects/InternTaskV/node_modules/koa-bodyparser/index.js:87:14)
      at async bodyParser (/home/allan/Documents/projects/InternTaskV/node_modules/koa-bodyparser/index.js:67:19)
      at async cors (/home/allan/Documents/projects/InternTaskV/node_modules/@koa/cors/index.js:109:16)
      at async loggerMiddleware (/home/allan/Documents/projects/InternTaskV/src/utils/logger.ts:63:5) {
    status: 400,
    body: '{\n    "email": "",\n}',
    headers: { 'Access-Control-Allow-Origin': '*', vary: 'Origin' }
  },
  stack: 'SyntaxError: Expected double-quoted property name in JSON at position 19 (line 3 column 1)\n' +
    '    at JSON.parse (<anonymous>)\n' +
    '    at exports.parse (/home/allan/Documents/projects/InternTaskV/node_modules/@hapi/bourne/lib/index.js:19:22)\n' +
    '    at parse (/home/allan/Documents/projects/InternTaskV/node_modules/co-body/lib/json.js:59:19)\n' +
    '    at module.exports [as json] (/home/allan/Documents/projects/InternTaskV/node_modules/co-body/lib/json.js:43:20)\n' +
    '    at process.processTicksAndRejections (node:internal/process/task_queues:105:5)\n' +
    '    at async parseBody (/home/allan/Documents/projects/InternTaskV/node_modules/koa-bodyparser/index.js:87:14)\n' +
    '    at async bodyParser (/home/allan/Documents/projects/InternTaskV/node_modules/koa-bodyparser/index.js:67:19)\n' +
    '    at async cors (/home/allan/Documents/projects/InternTaskV/node_modules/@koa/cors/index.js:109:16)\n' +
    '    at async loggerMiddleware (/home/allan/Documents/projects/InternTaskV/src/utils/logger.ts:63:5)',
  body: undefined,
  level: 'error',
  message: '400 - Expected double-quoted property name in JSON at position 19 (line 3 column 1)',
  timestamp: '2026-02-16 11:21:57'
}
{
  service: 'my-koa-app',
  method: 'POST',
  url: '/api/public/login',
  ip: '::1',
  error: SyntaxError: Expected double-quoted property name in JSON at position 19 (line 3 column 1)
      at JSON.parse (<anonymous>)
      at exports.parse (/home/allan/Documents/projects/InternTaskV/node_modules/@hapi/bourne/lib/index.js:19:22)
      at parse (/home/allan/Documents/projects/InternTaskV/node_modules/co-body/lib/json.js:59:19)
      at module.exports [as json] (/home/allan/Documents/projects/InternTaskV/node_modules/co-body/lib/json.js:43:20)
      at process.processTicksAndRejections (node:internal/process/task_queues:105:5)
      at async parseBody (/home/allan/Documents/projects/InternTaskV/node_modules/koa-bodyparser/index.js:87:14)
      at async bodyParser (/home/allan/Documents/projects/InternTaskV/node_modules/koa-bodyparser/index.js:67:19)
      at async cors (/home/allan/Documents/projects/InternTaskV/node_modules/@koa/cors/index.js:109:16)
      at async loggerMiddleware (/home/allan/Documents/projects/InternTaskV/src/utils/logger.ts:63:5) {
    status: 400,
    body: '{\n    "email": "",\n}',
    headers: { 'Access-Control-Allow-Origin': '*', vary: 'Origin' }
  },
  stack: 'SyntaxError: Expected double-quoted property name in JSON at position 19 (line 3 column 1)\n' +
    '    at JSON.parse (<anonymous>)\n' +
    '    at exports.parse (/home/allan/Documents/projects/InternTaskV/node_modules/@hapi/bourne/lib/index.js:19:22)\n' +
    '    at parse (/home/allan/Documents/projects/InternTaskV/node_modules/co-body/lib/json.js:59:19)\n' +
    '    at module.exports [as json] (/home/allan/Documents/projects/InternTaskV/node_modules/co-body/lib/json.js:43:20)\n' +
    '    at process.processTicksAndRejections (node:internal/process/task_queues:105:5)\n' +
    '    at async parseBody (/home/allan/Documents/projects/InternTaskV/node_modules/koa-bodyparser/index.js:87:14)\n' +
    '    at async bodyParser (/home/allan/Documents/projects/InternTaskV/node_modules/koa-bodyparser/index.js:67:19)\n' +
    '    at async cors (/home/allan/Documents/projects/InternTaskV/node_modules/@koa/cors/index.js:109:16)\n' +
    '    at async loggerMiddleware (/home/allan/Documents/projects/InternTaskV/src/utils/logger.ts:63:5)',
  body: undefined,
  level: 'error',
  message: '400 - Expected double-quoted property name in JSON at position 19 (line 3 column 1)',
  timestamp: '2026-02-16 11:22:24'
}
{
  service: 'my-koa-app',
  method: 'POST',
  url: '/api/public/login',
  ip: '::1',
  error: SyntaxError: Expected ':' after property name in JSON at position 34 (line 4 column 1)
      at JSON.parse (<anonymous>)
      at exports.parse (/home/allan/Documents/projects/InternTaskV/node_modules/@hapi/bourne/lib/index.js:19:22)
      at parse (/home/allan/Documents/projects/InternTaskV/node_modules/co-body/lib/json.js:59:19)
      at module.exports [as json] (/home/allan/Documents/projects/InternTaskV/node_modules/co-body/lib/json.js:43:20)
      at process.processTicksAndRejections (node:internal/process/task_queues:105:5)
      at async parseBody (/home/allan/Documents/projects/InternTaskV/node_modules/koa-bodyparser/index.js:87:14)
      at async bodyParser (/home/allan/Documents/projects/InternTaskV/node_modules/koa-bodyparser/index.js:67:19)
      at async cors (/home/allan/Documents/projects/InternTaskV/node_modules/@koa/cors/index.js:109:16)
      at async loggerMiddleware (/home/allan/Documents/projects/InternTaskV/src/utils/logger.ts:63:5) {
    status: 400,
    body: '{\n    "email": "",\n    "password"\n}',
    headers: { 'Access-Control-Allow-Origin': '*', vary: 'Origin' }
  },
  stack: "SyntaxError: Expected ':' after property name in JSON at position 34 (line 4 column 1)\n" +
    '    at JSON.parse (<anonymous>)\n' +
    '    at exports.parse (/home/allan/Documents/projects/InternTaskV/node_modules/@hapi/bourne/lib/index.js:19:22)\n' +
    '    at parse (/home/allan/Documents/projects/InternTaskV/node_modules/co-body/lib/json.js:59:19)\n' +
    '    at module.exports [as json] (/home/allan/Documents/projects/InternTaskV/node_modules/co-body/lib/json.js:43:20)\n' +
    '    at process.processTicksAndRejections (node:internal/process/task_queues:105:5)\n' +
    '    at async parseBody (/home/allan/Documents/projects/InternTaskV/node_modules/koa-bodyparser/index.js:87:14)\n' +
    '    at async bodyParser (/home/allan/Documents/projects/InternTaskV/node_modules/koa-bodyparser/index.js:67:19)\n' +
    '    at async cors (/home/allan/Documents/projects/InternTaskV/node_modules/@koa/cors/index.js:109:16)\n' +
    '    at async loggerMiddleware (/home/allan/Documents/projects/InternTaskV/src/utils/logger.ts:63:5)',
  body: undefined,
  level: 'error',
  message: "400 - Expected ':' after property name in JSON at position 34 (line 4 column 1)",
  timestamp: '2026-02-16 11:22:36'
}
{
  service: 'my-koa-app',
  method: 'POST',
  url: '/api/public/register',
  ip: '::1',
  error: SyntaxError: Expected double-quoted property name in JSON at position 68 (line 5 column 1)
      at JSON.parse (<anonymous>)
      at exports.parse (/home/allan/Documents/projects/InternTaskV/node_modules/@hapi/bourne/lib/index.js:19:22)
      at parse (/home/allan/Documents/projects/InternTaskV/node_modules/co-body/lib/json.js:59:19)
      at module.exports [as json] (/home/allan/Documents/projects/InternTaskV/node_modules/co-body/lib/json.js:43:20)
      at process.processTicksAndRejections (node:internal/process/task_queues:105:5)
      at async parseBody (/home/allan/Documents/projects/InternTaskV/node_modules/koa-bodyparser/index.js:87:14)
      at async bodyParser (/home/allan/Documents/projects/InternTaskV/node_modules/koa-bodyparser/index.js:67:19)
      at async cors (/home/allan/Documents/projects/InternTaskV/node_modules/@koa/cors/index.js:109:16)
      at async loggerMiddleware (/home/allan/Documents/projects/InternTaskV/src/utils/logger.ts:63:5) {
    status: 400,
    body: '{\n    "email": "user1@email.com",\n    "password": "User1@123",\n    \n}',
    headers: { 'Access-Control-Allow-Origin': '*', vary: 'Origin' }
  },
  stack: 'SyntaxError: Expected double-quoted property name in JSON at position 68 (line 5 column 1)\n' +
    '    at JSON.parse (<anonymous>)\n' +
    '    at exports.parse (/home/allan/Documents/projects/InternTaskV/node_modules/@hapi/bourne/lib/index.js:19:22)\n' +
    '    at parse (/home/allan/Documents/projects/InternTaskV/node_modules/co-body/lib/json.js:59:19)\n' +
    '    at module.exports [as json] (/home/allan/Documents/projects/InternTaskV/node_modules/co-body/lib/json.js:43:20)\n' +
    '    at process.processTicksAndRejections (node:internal/process/task_queues:105:5)\n' +
    '    at async parseBody (/home/allan/Documents/projects/InternTaskV/node_modules/koa-bodyparser/index.js:87:14)\n' +
    '    at async bodyParser (/home/allan/Documents/projects/InternTaskV/node_modules/koa-bodyparser/index.js:67:19)\n' +
    '    at async cors (/home/allan/Documents/projects/InternTaskV/node_modules/@koa/cors/index.js:109:16)\n' +
    '    at async loggerMiddleware (/home/allan/Documents/projects/InternTaskV/src/utils/logger.ts:63:5)',
  body: undefined,
  level: 'error',
  message: '400 - Expected double-quoted property name in JSON at position 68 (line 5 column 1)',
  timestamp: '2026-02-16 12:07:34'
}
{
  service: 'my-koa-app',
  method: 'GET',
  url: '/api/private/admin/users',
  ip: '::1',
  error: UnauthorizedError: Authentication Error
      at Object.throw (/home/allan/Documents/projects/InternTaskV/node_modules/koa/lib/context.js:96:11)
      at jwt (/home/allan/Documents/projects/InternTaskV/node_modules/koa-jwt/lib/index.js:23:22)
      at dispatch (/home/allan/Documents/projects/InternTaskV/node_modules/koa-compose/index.js:42:32)
      at /home/allan/Documents/projects/InternTaskV/node_modules/koa-router/lib/router.js:260:18
      at dispatch (/home/allan/Documents/projects/InternTaskV/node_modules/koa-compose/index.js:42:32)
      at /home/allan/Documents/projects/InternTaskV/node_modules/koa-compose/index.js:34:12
      at dispatch (/home/allan/Documents/projects/InternTaskV/node_modules/koa-router/lib/router.js:265:33)
      at dispatch (/home/allan/Documents/projects/InternTaskV/node_modules/koa-compose/index.js:42:32)
      at bodyParser (/home/allan/Documents/projects/InternTaskV/node_modules/koa-bodyparser/index.js:78:11)
      at process.processTicksAndRejections (node:internal/process/task_queues:105:5) {
    headers: { 'Access-Control-Allow-Origin': '*', vary: 'Origin' }
  },
  stack: 'UnauthorizedError: Authentication Error\n' +
    '    at Object.throw (/home/allan/Documents/projects/InternTaskV/node_modules/koa/lib/context.js:96:11)\n' +
    '    at jwt (/home/allan/Documents/projects/InternTaskV/node_modules/koa-jwt/lib/index.js:23:22)\n' +
    '    at dispatch (/home/allan/Documents/projects/InternTaskV/node_modules/koa-compose/index.js:42:32)\n' +
    '    at /home/allan/Documents/projects/InternTaskV/node_modules/koa-router/lib/router.js:260:18\n' +
    '    at dispatch (/home/allan/Documents/projects/InternTaskV/node_modules/koa-compose/index.js:42:32)\n' +
    '    at /home/allan/Documents/projects/InternTaskV/node_modules/koa-compose/index.js:34:12\n' +
    '    at dispatch (/home/allan/Documents/projects/InternTaskV/node_modules/koa-router/lib/router.js:265:33)\n' +
    '    at dispatch (/home/allan/Documents/projects/InternTaskV/node_modules/koa-compose/index.js:42:32)\n' +
    '    at bodyParser (/home/allan/Documents/projects/InternTaskV/node_modules/koa-bodyparser/index.js:78:11)\n' +
    '    at process.processTicksAndRejections (node:internal/process/task_queues:105:5)',
  body: {},
  level: 'error',
  message: '401 - Authentication Error',
  timestamp: '2026-02-16 13:54:35'
}
{
  service: 'my-koa-app',
  method: 'GET',
  url: '/api/private/admin/products',
  ip: '::1',
  error: UnauthorizedError: Authentication Error
      at Object.throw (/home/allan/Documents/projects/InternTaskV/node_modules/koa/lib/context.js:96:11)
      at jwt (/home/allan/Documents/projects/InternTaskV/node_modules/koa-jwt/lib/index.js:23:22)
      at dispatch (/home/allan/Documents/projects/InternTaskV/node_modules/koa-compose/index.js:42:32)
      at /home/allan/Documents/projects/InternTaskV/node_modules/koa-router/lib/router.js:260:18
      at dispatch (/home/allan/Documents/projects/InternTaskV/node_modules/koa-compose/index.js:42:32)
      at /home/allan/Documents/projects/InternTaskV/node_modules/koa-compose/index.js:34:12
      at dispatch (/home/allan/Documents/projects/InternTaskV/node_modules/koa-router/lib/router.js:265:33)
      at dispatch (/home/allan/Documents/projects/InternTaskV/node_modules/koa-compose/index.js:42:32)
      at bodyParser (/home/allan/Documents/projects/InternTaskV/node_modules/koa-bodyparser/index.js:78:11)
      at process.processTicksAndRejections (node:internal/process/task_queues:105:5) {
    headers: { 'Access-Control-Allow-Origin': '*', vary: 'Origin' }
  },
  stack: 'UnauthorizedError: Authentication Error\n' +
    '    at Object.throw (/home/allan/Documents/projects/InternTaskV/node_modules/koa/lib/context.js:96:11)\n' +
    '    at jwt (/home/allan/Documents/projects/InternTaskV/node_modules/koa-jwt/lib/index.js:23:22)\n' +
    '    at dispatch (/home/allan/Documents/projects/InternTaskV/node_modules/koa-compose/index.js:42:32)\n' +
    '    at /home/allan/Documents/projects/InternTaskV/node_modules/koa-router/lib/router.js:260:18\n' +
    '    at dispatch (/home/allan/Documents/projects/InternTaskV/node_modules/koa-compose/index.js:42:32)\n' +
    '    at /home/allan/Documents/projects/InternTaskV/node_modules/koa-compose/index.js:34:12\n' +
    '    at dispatch (/home/allan/Documents/projects/InternTaskV/node_modules/koa-router/lib/router.js:265:33)\n' +
    '    at dispatch (/home/allan/Documents/projects/InternTaskV/node_modules/koa-compose/index.js:42:32)\n' +
    '    at bodyParser (/home/allan/Documents/projects/InternTaskV/node_modules/koa-bodyparser/index.js:78:11)\n' +
    '    at process.processTicksAndRejections (node:internal/process/task_queues:105:5)',
  body: {},
  level: 'error',
  message: '401 - Authentication Error',
  timestamp: '2026-02-16 15:05:18'
}
{
  service: 'my-koa-app',
  method: 'GET',
  url: '/api/private/admin/products',
  ip: '::1',
  error: UnauthorizedError: Authentication Error
      at Object.throw (/home/allan/Documents/projects/InternTaskV/node_modules/koa/lib/context.js:96:11)
      at jwt (/home/allan/Documents/projects/InternTaskV/node_modules/koa-jwt/lib/index.js:23:22)
      at dispatch (/home/allan/Documents/projects/InternTaskV/node_modules/koa-compose/index.js:42:32)
      at /home/allan/Documents/projects/InternTaskV/node_modules/koa-router/lib/router.js:260:18
      at dispatch (/home/allan/Documents/projects/InternTaskV/node_modules/koa-compose/index.js:42:32)
      at /home/allan/Documents/projects/InternTaskV/node_modules/koa-compose/index.js:34:12
      at dispatch (/home/allan/Documents/projects/InternTaskV/node_modules/koa-router/lib/router.js:265:33)
      at dispatch (/home/allan/Documents/projects/InternTaskV/node_modules/koa-compose/index.js:42:32)
      at bodyParser (/home/allan/Documents/projects/InternTaskV/node_modules/koa-bodyparser/index.js:78:11)
      at process.processTicksAndRejections (node:internal/process/task_queues:105:5) {
    headers: { 'Access-Control-Allow-Origin': '*', vary: 'Origin' }
  },
  stack: 'UnauthorizedError: Authentication Error\n' +
    '    at Object.throw (/home/allan/Documents/projects/InternTaskV/node_modules/koa/lib/context.js:96:11)\n' +
    '    at jwt (/home/allan/Documents/projects/InternTaskV/node_modules/koa-jwt/lib/index.js:23:22)\n' +
    '    at dispatch (/home/allan/Documents/projects/InternTaskV/node_modules/koa-compose/index.js:42:32)\n' +
    '    at /home/allan/Documents/projects/InternTaskV/node_modules/koa-router/lib/router.js:260:18\n' +
    '    at dispatch (/home/allan/Documents/projects/InternTaskV/node_modules/koa-compose/index.js:42:32)\n' +
    '    at /home/allan/Documents/projects/InternTaskV/node_modules/koa-compose/index.js:34:12\n' +
    '    at dispatch (/home/allan/Documents/projects/InternTaskV/node_modules/koa-router/lib/router.js:265:33)\n' +
    '    at dispatch (/home/allan/Documents/projects/InternTaskV/node_modules/koa-compose/index.js:42:32)\n' +
    '    at bodyParser (/home/allan/Documents/projects/InternTaskV/node_modules/koa-bodyparser/index.js:78:11)\n' +
    '    at process.processTicksAndRejections (node:internal/process/task_queues:105:5)',
  body: {},
  level: 'error',
  message: '401 - Authentication Error',
  timestamp: '2026-02-16 15:06:25'
}
